<?xml version="1.0" encoding="UTF-8"?>
<testng-results ignored="0" total="1" passed="1" failed="0" skipped="0">
  <reporter-output>
  </reporter-output>
  <suite started-at="2021-12-02T17:27:53Z" name="Suite" finished-at="2021-12-02T17:27:55Z" duration-ms="1956">
    <groups>
    </groups>
    <test started-at="2021-12-02T17:27:53Z" name="Test" finished-at="2021-12-02T17:27:55Z" duration-ms="1956">
      <class name="RESTAPIChaining.EndToEndTest">
        <test-method signature="test1()[pri:0, instance:RESTAPIChaining.EndToEndTest@6574a52c]" started-at="2021-12-02T17:27:54Z" name="test1" finished-at="2021-12-02T17:27:55Z" duration-ms="1923" status="PASS">
          <reporter-output>
          </reporter-output>
        </test-method> <!-- test1 -->
      </class> <!-- RESTAPIChaining.EndToEndTest -->
    </test> <!-- Test -->
  </suite> <!-- Suite -->
</testng-results>
