<?xml version="1.0" encoding="UTF-8"?>
<testng-results ignored="0" total="1" passed="1" failed="0" skipped="0">
  <reporter-output>
  </reporter-output>
  <suite started-at="2021-12-03T09:56:57 IST" name="Default suite" finished-at="2021-12-03T09:57:00 IST" duration-ms="3368">
    <groups>
    </groups>
    <test started-at="2021-12-03T09:56:57 IST" name="Default test" finished-at="2021-12-03T09:57:00 IST" duration-ms="3368">
      <class name="oAuth.oAuthRequest">
        <test-method signature="PostCall()[pri:0, instance:oAuth.oAuthRequest@6ef888f6]" started-at="2021-12-03T09:56:57 IST" name="PostCall" finished-at="2021-12-03T09:57:00 IST" duration-ms="3332" status="PASS">
          <reporter-output>
          </reporter-output>
        </test-method> <!-- PostCall -->
      </class> <!-- oAuth.oAuthRequest -->
    </test> <!-- Default test -->
  </suite> <!-- Default suite -->
</testng-results>
