<?xml version="1.0" encoding="UTF-8"?>
<testng-results ignored="0" total="1" passed="1" failed="0" skipped="0">
  <reporter-output>
  </reporter-output>
  <suite started-at="2021-12-02T22:52:33 IST" name="Suite" finished-at="2021-12-02T22:52:36 IST" duration-ms="2277">
    <groups>
    </groups>
    <test started-at="2021-12-02T22:52:33 IST" name="Test" finished-at="2021-12-02T22:52:36 IST" duration-ms="2277">
      <class name="RESTAPIChaining.EndToEndTest">
        <test-method signature="test1()[pri:0, instance:RESTAPIChaining.EndToEndTest@6ef888f6]" started-at="2021-12-02T22:52:33 IST" name="test1" finished-at="2021-12-02T22:52:36 IST" duration-ms="2239" status="PASS">
          <reporter-output>
          </reporter-output>
        </test-method> <!-- test1 -->
      </class> <!-- RESTAPIChaining.EndToEndTest -->
    </test> <!-- Test -->
  </suite> <!-- Suite -->
</testng-results>
